<?xml version="1.0" encoding="UTF-8"?>
<!-- Generated by org.testng.reporters.JUnitXMLReporter -->
<testsuite ignored="1" hostname="LAPTOP-D5NB554D" failures="0" tests="3" name="Default test" time="0.098" errors="0" timestamp="2022-06-20T16:25:51 IST">
  <testcase classname="com.in.TestNgClass" name="m1" time="0.015"/>
  <testcase classname="com.in.TestNgClass" name="m3" time="0.002"/>
  <testcase classname="com.in.TestNgClass" name="m4" time="0.002"/>
  <testcase classname="com.in.TestNgClass" name="m2" time="0.0">
    <ignored/>
  </testcase> <!-- m2 -->
</testsuite> <!-- Default test -->
