<?xml version="1.0" encoding="UTF-8"?>
<testng-results ignored="1" total="4" passed="3" failed="0" skipped="0">
  <reporter-output>
  </reporter-output>
  <suite started-at="2022-06-20T16:25:50 IST" name="Default suite" finished-at="2022-06-20T16:25:51 IST" duration-ms="98">
    <groups>
    </groups>
    <test started-at="2022-06-20T16:25:50 IST" name="Default test" finished-at="2022-06-20T16:25:51 IST" duration-ms="98">
      <class name="com.in.TestNgClass">
        <test-method signature="m1()[pri:0, instance:com.in.TestNgClass@4ef37659]" started-at="2022-06-20T16:25:50 IST" name="m1" finished-at="2022-06-20T16:25:51 IST" duration-ms="15" status="PASS">
          <reporter-output>
          </reporter-output>
        </test-method> <!-- m1 -->
        <test-method signature="m3()[pri:5, instance:com.in.TestNgClass@4ef37659]" started-at="2022-06-20T16:25:51 IST" name="m3" finished-at="2022-06-20T16:25:51 IST" duration-ms="2" status="PASS">
          <reporter-output>
          </reporter-output>
        </test-method> <!-- m3 -->
        <test-method signature="m4()[pri:0, instance:com.in.TestNgClass@4ef37659]" started-at="2022-06-20T16:25:51 IST" name="m4" finished-at="2022-06-20T16:25:51 IST" depends-on-methods="com.in.TestNgClass.m1, com.in.TestNgClass.m3" duration-ms="2" status="PASS">
          <reporter-output>
          </reporter-output>
        </test-method> <!-- m4 -->
      </class> <!-- com.in.TestNgClass -->
    </test> <!-- Default test -->
  </suite> <!-- Default suite -->
</testng-results>
